UTC:2024-04-20 20:25:12.539554: genJMRIServer:TopDecoder INFO syslog.py-143 in rotateFile(): Initiatiating Log-rotation 
UTC:2024-04-20 20:25:12.543572: genJMRIServer:TopDecoder INFO syslog.py-170 in rotateFile(): Log-rotation finished 
UTC:1970-01-01 00:00:47: genJMRIDecoder:GJD-NewDecoderSysName INFO mqtt.cpp-276 in subscribeTopic(): Subscribing to topic /trains/track/decoder/reboot/no.valid 
UTC:1970-01-01 00:00:47: genJMRIDecoder:GJD-NewDecoderSysName INFO decoder.cpp-467 in start(): Starting lightgroup link Decoders 
UTC:1970-01-01 00:00:47: genJMRIDecoder:GJD-NewDecoderSysName INFO lgLink.cpp-288 in start(): decoder-0/lgLink-0: Starting lightgroup link 
UTC:1970-01-01 00:00:47: genJMRIDecoder:GJD-NewDecoderSysName INFO lgLink.cpp-290 in start(): decoder-0/lgLink-0: not configured - will not start it 
UTC:1970-01-01 00:00:47: genJMRIDecoder:GJD-NewDecoderSysName INFO systemState.cpp-245 in unSetOpStateByBitmap(): opState has changed for object decoder-0:lgLi 
UTC:1970-01-01 00:00:47: genJMRIDecoder:GJD-NewDecoderSysName INFO lgLink.cpp-347 in onSysStateChange(): decoder-0/lgLink-0: lgLink has a new OP-state: UCONF|D 
UTC:1970-01-01 00:00:47: genJMRIDecoder:GJD-NewDecoderSysName INFO lgLink.cpp-355 in onSysStateChange(): decoder-0/lgLink-0: lgLink has a new OP-state: UCONF|D 
UTC:1970-01-01 00:00:47: genJMRIDecoder:GJD-NewDecoderSysName WARNING logHelpers.cpp-408 in enqueueLog(): Logging overloaded, missed 29 log-entries 
UTC:1970-01-01 00:00:47: genJMRIDecoder:GJD-NewDecoderSysName INFO decoder.cpp-562 in onOpStateChange(): decoder-0: Got a new opState from server: SUAVL 
UTC:1970-01-01 00:00:47: genJMRIDecoder:GJD-NewDecoderSysName INFO systemState.cpp-223 in setOpStateByBitmap(): opState has changed for object decoder-0, previ 
UTC:1970-01-01 00:00:47: genJMRIDecoder:GJD-NewDecoderSysName INFO decoder.cpp-498 in onSysStateChange(): decoder-0: decoder has a new OP-state: SUAVL 
UTC:1970-01-01 00:00:47: genJMRIDecoder:GJD-NewDecoderSysName INFO systemState.cpp-223 in setOpStateByBitmap(): opState has changed for object decoder-0:lgLink 
UTC:1970-01-01 00:00:47: genJMRIDecoder:GJD-NewDecoderSysName INFO decoder.cpp-545 in onSysStateChange(): decoder-0: server failed to receive MQTT Pings from t 
UTC:1970-01-01 00:00:47: genJMRIDecoder:GJD-NewDecoderSysName INFO lgLink.cpp-347 in onSysStateChange(): decoder-0/lgLink-0: lgLink has a new OP-state: UCONF|D 
UTC:1970-01-01 00:00:47: genJMRIDecoder:GJD-NewDecoderSysName INFO lgLink.cpp-355 in onSysStateChange(): decoder-0/lgLink-0: lgLink has a new OP-state: UCONF|D 
UTC:1970-01-01 00:00:47: genJMRIDecoder:GJD-NewDecoderSysName INFO lgLink.cpp-378 in onSysStateChange(): decoder-0/lgLink-0: lgLink is unused - informing serve 
UTC:1970-01-01 00:00:47: genJMRIDecoder:GJD-NewDecoderSysName INFO lgLink.cpp-382 in onSysStateChange(): decoder-0/lgLink-0: lgLink is disabled by server - dis 
UTC:1970-01-01 00:00:47: genJMRIDecoder:GJD-NewDecoderSysName INFO lgLink.cpp-386 in onSysStateChange(): decoder-0/lgLink-0: lgLink is control-blocked by decod 
UTC:1970-01-01 00:00:47: genJMRIDecoder:GJD-NewDecoderSysName INFO lgLink.cpp-390 in onSysStateChange(): decoder-0/lgLink-0: lgLink has following additional fa 
UTC:1970-01-01 00:00:47: genJMRIDecoder:GJD-NewDecoderSysName INFO lgLink.cpp-398 in onSysStateChange(): decoder-0/lgLink-0: lgLink scaning already disabled - 
UTC:1970-01-01 00:00:47: genJMRIDecoder:GJD-NewDecoderSysName INFO decoder.cpp-562 in onOpStateChange(): decoder-0: Got a new opState from server: SUAVL 
UTC:2024-04-20 20:25:20.255782: genJMRIServer:TopDecoder INFO decoderLogic.py-512 in __sysStateRespondListener(): Decoder Decoder-GJD-NewDecoderSysName got a new OP State generated by the server - informing the client accordingly - changed opState: WO - the composite OP-state is now: SUAVL 
UTC:2024-04-20 20:25:20.257144: genJMRIServer:TopDecoder INFO decoderLogic.py-514 in __sysStateRespondListener(): Decoder Decoder-GJD-NewDecoderSysName Informing client decoder about the new enable/disable state 
UTC:1970-01-01 00:00:55: genJMRIDecoder:GJD-NewDecoderSysName INFO decoder.cpp-562 in onOpStateChange(): decoder-0: Got a new opState from server: SUAVL 
UTC:2024-04-20 20:25:22.424422: genJMRIServer:TopDecoder INFO decoderLogic.py-512 in __sysStateRespondListener(): Decoder Decoder-GJD-NewDecoderSysName got a new OP State generated by the server - informing the client accordingly - changed opState: WO - the composite OP-state is now: WO 
UTC:2024-04-20 20:25:22.424422: genJMRIServer:TopDecoder INFO decoderLogic.py-514 in __sysStateRespondListener(): Decoder Decoder-GJD-NewDecoderSysName Informing client decoder about the new enable/disable state 
UTC:1970-01-01 00:00:57: genJMRIDecoder:GJD-NewDecoderSysName INFO decoder.cpp-562 in onOpStateChange(): decoder-0: Got a new opState from server: WO 
UTC:1970-01-01 00:00:57: genJMRIDecoder:GJD-NewDecoderSysName INFO systemState.cpp-245 in unSetOpStateByBitmap(): opState has changed for object decoder-0, pre 
UTC:1970-01-01 00:00:57: genJMRIDecoder:GJD-NewDecoderSysName INFO decoder.cpp-498 in onSysStateChange(): decoder-0: decoder has a new OP-state: WO 
UTC:1970-01-01 00:00:57: genJMRIDecoder:GJD-NewDecoderSysName INFO systemState.cpp-245 in unSetOpStateByBitmap(): opState has changed for object decoder-0:lgLi 
UTC:1970-01-01 00:00:57: genJMRIDecoder:GJD-NewDecoderSysName INFO decoder.cpp-542 in onSysStateChange(): decoder-0: Server is reporting recieved MQTT Pings fr 
UTC:1970-01-01 00:00:57: genJMRIDecoder:GJD-NewDecoderSysName INFO lgLink.cpp-347 in onSysStateChange(): decoder-0/lgLink-0: lgLink has a new OP-state: UCONF|D 
UTC:1970-01-01 00:00:57: genJMRIDecoder:GJD-NewDecoderSysName INFO lgLink.cpp-355 in onSysStateChange(): decoder-0/lgLink-0: lgLink has a new OP-state: UCONF|D 
UTC:1970-01-01 00:00:57: genJMRIDecoder:GJD-NewDecoderSysName INFO lgLink.cpp-378 in onSysStateChange(): decoder-0/lgLink-0: lgLink is unused - informing serve 
UTC:1970-01-01 00:00:57: genJMRIDecoder:GJD-NewDecoderSysName INFO lgLink.cpp-382 in onSysStateChange(): decoder-0/lgLink-0: lgLink is disabled by server - dis 
UTC:1970-01-01 00:00:57: genJMRIDecoder:GJD-NewDecoderSysName INFO lgLink.cpp-390 in onSysStateChange(): decoder-0/lgLink-0: lgLink has following additional fa 
UTC:1970-01-01 00:00:57: genJMRIDecoder:GJD-NewDecoderSysName INFO lgLink.cpp-398 in onSysStateChange(): decoder-0/lgLink-0: lgLink scaning already disabled - 
UTC:1970-01-01 00:01:21: genJMRIDecoder:GJD-NewDecoderSysName INFO telnetCore.cpp-100 in onTelnetConnect(): CLI connected from: 192.168.2.129 
UTC:1970-01-01 00:01:21: genJMRIDecoder:GJD-NewDecoderSysName INFO cliCore.cpp-205 in onCliConnect(): A new CLI seesion from: 192.168.2.129 started 
UTC:1970-01-01 00:01:33: genJMRIDecoder:GJD-NewDecoderSysName INFO cliCore.cpp-228 in onRootIngressCmd(): A new CLI command received: "show job" 
UTC:1970-01-01 00:01:33: genJMRIDecoder:GJD-NewDecoderSysName INFO cliCore.cpp-246 in onContextIngressCmd(): Processing cli context command: "show job" at cont 
UTC:1970-01-01 00:01:51: genJMRIDecoder:GJD-NewDecoderSysName INFO cliCore.cpp-228 in onRootIngressCmd(): A new CLI command received: "clear job" 
UTC:1970-01-01 00:01:51: genJMRIDecoder:GJD-NewDecoderSysName INFO cliCore.cpp-246 in onContextIngressCmd(): Processing cli context command: "clear job" at con 
UTC:1970-01-01 00:02:25: genJMRIDecoder:GJD-NewDecoderSysName INFO cliCore.cpp-228 in onRootIngressCmd(): A new CLI command received: "clear job -id 2 -overload 
UTC:1970-01-01 00:02:25: genJMRIDecoder:GJD-NewDecoderSysName INFO cliCore.cpp-246 in onContextIngressCmd(): Processing cli context command: "clear job -id 2 -o 
UTC:1970-01-01 00:02:33: genJMRIDecoder:GJD-NewDecoderSysName INFO cliCore.cpp-228 in onRootIngressCmd(): A new CLI command received: "get job" 
UTC:1970-01-01 00:02:33: genJMRIDecoder:GJD-NewDecoderSysName INFO cliCore.cpp-246 in onContextIngressCmd(): Processing cli context command: "get job" at conte 
UTC:1970-01-01 00:02:57: genJMRIDecoder:GJD-NewDecoderSysName INFO cliCore.cpp-228 in onRootIngressCmd(): A new CLI command received: "clear job -overloadcnt" 
UTC:1970-01-01 00:02:57: genJMRIDecoder:GJD-NewDecoderSysName INFO cliCore.cpp-246 in onContextIngressCmd(): Processing cli context command: "clear job -overlo 
UTC:1970-01-01 00:03:02: genJMRIDecoder:GJD-NewDecoderSysName INFO cliCore.cpp-228 in onRootIngressCmd(): A new CLI command received: "get wdt" 
UTC:1970-01-01 00:03:02: genJMRIDecoder:GJD-NewDecoderSysName INFO cliCore.cpp-246 in onContextIngressCmd(): Processing cli context command: "get wdt" at conte 
UTC:1970-01-01 00:03:09: genJMRIDecoder:GJD-NewDecoderSysName INFO cliCore.cpp-228 in onRootIngressCmd(): A new CLI command received: "get job" 
UTC:1970-01-01 00:03:09: genJMRIDecoder:GJD-NewDecoderSysName INFO cliCore.cpp-246 in onContextIngressCmd(): Processing cli context command: "get job" at conte 
UTC:1970-01-01 00:04:06: genJMRIDecoder:GJD-NewDecoderSysName INFO cliCore.cpp-228 in onRootIngressCmd(): A new CLI command received: "clear job -id 1 -overloa 
UTC:1970-01-01 00:04:06: genJMRIDecoder:GJD-NewDecoderSysName INFO cliCore.cpp-246 in onContextIngressCmd(): Processing cli context command: "clear job -id 1 - 
UTC:1970-01-01 00:04:20: genJMRIDecoder:GJD-NewDecoderSysName INFO cliCore.cpp-228 in onRootIngressCmd(): A new CLI command received: "get uptime" 
UTC:1970-01-01 00:04:20: genJMRIDecoder:GJD-NewDecoderSysName INFO cliCore.cpp-246 in onContextIngressCmd(): Processing cli context command: "get uptime" at co 
UTC:1970-01-01 00:04:37: genJMRIDecoder:GJD-NewDecoderSysName INFO cliCore.cpp-228 in onRootIngressCmd(): A new CLI command received: "show wdt" 
UTC:1970-01-01 00:04:37: genJMRIDecoder:GJD-NewDecoderSysName INFO cliCore.cpp-246 in onContextIngressCmd(): Processing cli context command: "show wdt" at cont 
UTC:1970-01-01 00:09:00: genJMRIDecoder:GJD-NewDecoderSysName INFO cliCore.cpp-228 in onRootIngressCmd(): A new CLI command received: "show job" 
UTC:1970-01-01 00:09:00: genJMRIDecoder:GJD-NewDecoderSysName INFO cliCore.cpp-246 in onContextIngressCmd(): Processing cli context command: "show job" at cont 
UTC:1970-01-01 00:11:17: genJMRIDecoder:GJD-NewDecoderSysName INFO cliCore.cpp-228 in onRootIngressCmd(): A new CLI command received: "get uptime" 
UTC:1970-01-01 00:11:17: genJMRIDecoder:GJD-NewDecoderSysName INFO cliCore.cpp-246 in onContextIngressCmd(): Processing cli context command: "get uptime" at co 
UTC:1970-01-01 14:08:53: genJMRIDecoder:GJD-NewDecoderSysName INFO cliCore.cpp-228 in onRootIngressCmd(): A new CLI command received: "get uptime" 
UTC:1970-01-01 14:08:53: genJMRIDecoder:GJD-NewDecoderSysName INFO cliCore.cpp-246 in onContextIngressCmd(): Processing cli context command: "get uptime" at co 
UTC:1970-01-01 15:07:54: genJMRIDecoder:GJD-NewDecoderSysName INFO cliCore.cpp-228 in onRootIngressCmd(): A new CLI command received: "show wdt" 
UTC:1970-01-01 15:07:54: genJMRIDecoder:GJD-NewDecoderSysName INFO cliCore.cpp-246 in onContextIngressCmd(): Processing cli context command: "show wdt" at cont 
UTC:1970-01-01 15:08:16: genJMRIDecoder:GJD-NewDecoderSysName INFO cliCore.cpp-228 in onRootIngressCmd(): A new CLI command received: "get wdt -debug" 
UTC:1970-01-01 15:08:16: genJMRIDecoder:GJD-NewDecoderSysName INFO cliCore.cpp-246 in onContextIngressCmd(): Processing cli context command: "get wdt -debug" a 
UTC:1970-01-01 15:08:32: genJMRIDecoder:GJD-NewDecoderSysName INFO cliCore.cpp-228 in onRootIngressCmd(): A new CLI command received: "get wdt -id 1 -debug" 
UTC:1970-01-01 15:08:32: genJMRIDecoder:GJD-NewDecoderSysName INFO cliCore.cpp-246 in onContextIngressCmd(): Processing cli context command: "get wdt -id 1 -de 
UTC:2024-04-21 11:54:07.852165: genJMRIServer:TopDecoder INFO decoderLogic.py-512 in __sysStateRespondListener(): Decoder Decoder-GJD-NewDecoderSysName got a new OP State generated by the server - informing the client accordingly - changed opState: WO - the composite OP-state is now: SUAVL 
UTC:2024-04-21 11:54:07.853167: genJMRIServer:TopDecoder INFO decoderLogic.py-514 in __sysStateRespondListener(): Decoder Decoder-GJD-NewDecoderSysName Informing client decoder about the new enable/disable state 
UTC:2024-04-21 11:54:07.862166: genJMRIServer:TopDecoder INFO decoderLogic.py-512 in __sysStateRespondListener(): Decoder Decoder-GJD-NewDecoderSysName got a new OP State generated by the server - informing the client accordingly - changed opState: SUAVL - the composite OP-state is now: SUAVL 
UTC:2024-04-21 11:54:07.863166: genJMRIServer:TopDecoder INFO decoderLogic.py-514 in __sysStateRespondListener(): Decoder Decoder-GJD-NewDecoderSysName Informing client decoder about the new enable/disable state 
UTC:2024-04-21 11:54:17.867645: genJMRIServer:TopDecoder INFO decoderLogic.py-512 in __sysStateRespondListener(): Decoder Decoder-GJD-NewDecoderSysName got a new OP State generated by the server - informing the client accordingly - changed opState: WO - the composite OP-state is now: SUAVL 
UTC:2024-04-21 11:54:17.868978: genJMRIServer:TopDecoder INFO decoderLogic.py-514 in __sysStateRespondListener(): Decoder Decoder-GJD-NewDecoderSysName Informing client decoder about the new enable/disable state 
UTC:2024-04-21 11:54:24.883333: genJMRIServer:TopDecoder INFO topDecoderLogic.py-847 in __onDiscoveryReq(): Top decoder received a discovery request - responding 
UTC:2024-04-21 11:54:25.295192: genJMRIServer:TopDecoder INFO decoderLogic.py-602 in __onDecoderConfigReq(): Decoder Decoder-GJD-NewDecoderSysName requested new configuration 
UTC:1970-01-01 00:00:15: genJMRIDecoder:GJD-NewDecoderSysName TERSE systemState.cpp-83 in regSysStateCb(): Registering systemState callback 1074682232 for syst 
UTC:1970-01-01 00:00:15: genJMRIDecoder:GJD-NewDecoderSysName VERBOSE systemState.cpp-343 in updateObjOpStates(): Sending call-back to 1074682232 
UTC:1970-01-01 00:00:15: genJMRIDecoder:GJD-NewDecoderSysName INFO lgBase.cpp-262 in onSysStateChange(): decoder-0/lgLink-0/lgBase-0: lg has a new OP-state: IN 
UTC:1970-01-01 00:00:15: genJMRIDecoder:GJD-NewDecoderSysName INFO lgBase.cpp-268 in onSysStateChange(): decoder-0/lgLink-0/lgBase-0: lg has a new OP-state: IN 
UTC:1970-01-01 00:00:15: genJMRIDecoder:GJD-NewDecoderSysName TERSE lgBase.cpp-284 in onSysStateChange(): decoder-0/lgLink-0/lgBase-0: lg is initializing - inf 
UTC:1970-01-01 00:00:15: genJMRIDecoder:GJD-NewDecoderSysName TERSE lgBase.cpp-287 in onSysStateChange(): decoder-0/lgLink-0/lgBase-0: lg is unused - informing 
UTC:1970-01-01 00:00:15: genJMRIDecoder:GJD-NewDecoderSysName WARNING logHelpers.cpp-408 in enqueueLog(): Logging overloaded, missed 383 log-entries 
UTC:1970-01-01 00:00:15: genJMRIDecoder:GJD-NewDecoderSysName INFO mqtt.cpp-746 in poll(): Re-connecting MQTT Client 
UTC:1970-01-01 00:00:15: genJMRIDecoder:GJD-NewDecoderSysName ERROR mqtt.cpp-763 in poll(): MQTT connection not established or lost - opState set to OP_FAIL, c 
UTC:1970-01-01 00:00:15: genJMRIDecoder:GJD-NewDecoderSysName INFO mqtt.cpp-722 in poll(): MQTT connection established - unsetting opstate OP_DISCONNECTED 
UTC:1970-01-01 00:00:15: genJMRIDecoder:GJD-NewDecoderSysName INFO systemState.cpp-245 in unSetOpStateByBitmap(): opState has changed for object mqtt, previous 
UTC:1970-01-01 00:00:15: genJMRIDecoder:GJD-NewDecoderSysName INFO systemState.cpp-245 in unSetOpStateByBitmap(): opState has changed for object decoder-0, pre 
UTC:1970-01-01 00:00:15: genJMRIDecoder:GJD-NewDecoderSysName INFO decoder.cpp-498 in onSysStateChange(): decoder-0: decoder has a new OP-state: INIT|UCONF|DAB 
UTC:1970-01-01 00:00:16: genJMRIDecoder:GJD-NewDecoderSysName INFO networking.cpp-638 in getNetworkConfig(): DHCP address allocation configured, getting asigne 
UTC:1970-01-01 00:00:16: genJMRIDecoder:GJD-NewDecoderSysName INFO networking.cpp-877 in WiFiEvent(): Station disconnected from AP-SSID: BREVIK_2_4_G_LAB, atte 
UTC:1970-01-01 00:00:16: genJMRIDecoder:GJD-NewDecoderSysName INFO mqtt.cpp-190 in reConnect(): Re-connecting MQTT Client 
UTC:1970-01-01 00:00:16: genJMRIDecoder:GJD-NewDecoderSysName INFO systemState.cpp-245 in unSetOpStateByBitmap(): opState has changed for object networking, pr 
UTC:1970-01-01 00:00:16: genJMRIDecoder:GJD-NewDecoderSysName INFO networking.cpp-638 in getNetworkConfig(): DHCP address allocation configured, getting asigne 
UTC:1970-01-01 00:00:16: genJMRIDecoder:GJD-NewDecoderSysName INFO networking.cpp-638 in getNetworkConfig(): DHCP address allocation configured, getting asigne 
UTC:1970-01-01 00:00:16: genJMRIDecoder:GJD-NewDecoderSysName WARNING mqtt.cpp-733 in poll(): MQTT Client disconnected, trying to re-connect 
UTC:1970-01-01 00:00:16: genJMRIDecoder:GJD-NewDecoderSysName INFO systemState.cpp-223 in setOpStateByBitmap(): opState has changed for object mqtt, previous o 
UTC:1970-01-01 00:00:16: genJMRIDecoder:GJD-NewDecoderSysName INFO networking.cpp-638 in getNetworkConfig(): DHCP address allocation configured, getting asigne 
UTC:1970-01-01 00:00:16: genJMRIDecoder:GJD-NewDecoderSysName INFO networking.cpp-872 in WiFiEvent(): Station connected to AP-SSID: BREVIK_2_4_G_LAB, channel: 
UTC:1970-01-01 00:00:16: genJMRIDecoder:GJD-NewDecoderSysName INFO systemState.cpp-223 in setOpStateByBitmap(): opState has changed for object decoder-0, previ 
UTC:1970-01-01 00:00:16: genJMRIDecoder:GJD-NewDecoderSysName INFO decoder.cpp-498 in onSysStateChange(): decoder-0: decoder has a new OP-state: INIT|DISC|UCON 
UTC:1970-01-01 00:00:16: genJMRIDecoder:GJD-NewDecoderSysName ERROR mqtt.cpp-763 in poll(): MQTT connection not established or lost - opState set to OP_FAIL, c 
UTC:1970-01-01 00:00:16: genJMRIDecoder:GJD-NewDecoderSysName INFO systemState.cpp-245 in unSetOpStateByBitmap(): opState has changed for object networking, pr 
UTC:1970-01-01 00:00:16: genJMRIDecoder:GJD-NewDecoderSysName INFO networking.cpp-638 in getNetworkConfig(): DHCP address allocation configured, getting asigne 
UTC:1970-01-01 00:00:16: genJMRIDecoder:GJD-NewDecoderSysName INFO networking.cpp-638 in getNetworkConfig(): DHCP address allocation configured, getting asigne 
UTC:1970-01-01 00:00:16: genJMRIDecoder:GJD-NewDecoderSysName INFO networking.cpp-638 in getNetworkConfig(): DHCP address allocation configured, getting asigne 
UTC:1970-01-01 00:00:16: genJMRIDecoder:GJD-NewDecoderSysName INFO networking.cpp-638 in getNetworkConfig(): DHCP address allocation configured, getting asigne 
UTC:1970-01-01 00:00:16: genJMRIDecoder:GJD-NewDecoderSysName INFO networking.cpp-638 in getNetworkConfig(): DHCP address allocation configured, getting asigne 
UTC:1970-01-01 00:00:16: genJMRIDecoder:GJD-NewDecoderSysName INFO networking.cpp-890 in WiFiEvent(): Station got IP-address:192.168.2.134, Mask: 255.255.255.0 
UTC:1970-01-01 00:00:16: genJMRIDecoder:GJD-NewDecoderSysName WARNING mqtt.cpp-733 in poll(): MQTT Client disconnected, trying to re-connect 
UTC:1970-01-01 00:00:16: genJMRIDecoder:GJD-NewDecoderSysName INFO mqtt.cpp-746 in poll(): Re-connecting MQTT Client 
UTC:1970-01-01 00:00:16: genJMRIDecoder:GJD-NewDecoderSysName ERROR mqtt.cpp-763 in poll(): MQTT connection not established or lost - opState set to OP_FAIL, c 
UTC:1970-01-01 00:00:16: genJMRIDecoder:GJD-NewDecoderSysName INFO mqtt.cpp-722 in poll(): MQTT connection established - unsetting opstate OP_DISCONNECTED 
UTC:1970-01-01 00:00:16: genJMRIDecoder:GJD-NewDecoderSysName INFO systemState.cpp-245 in unSetOpStateByBitmap(): opState has changed for object mqtt, previous 
UTC:1970-01-01 00:00:16: genJMRIDecoder:GJD-NewDecoderSysName INFO systemState.cpp-245 in unSetOpStateByBitmap(): opState has changed for object decoder-0, pre 
UTC:1970-01-01 00:00:16: genJMRIDecoder:GJD-NewDecoderSysName INFO decoder.cpp-498 in onSysStateChange(): decoder-0: decoder has a new OP-state: INIT|UCONF|DAB 
UTC:1970-01-01 00:00:17: genJMRIDecoder:GJD-NewDecoderSysName INFO systemState.cpp-223 in setOpStateByBitmap(): opState has changed for object networking, prev 
UTC:1970-01-01 00:00:17: genJMRIDecoder:GJD-NewDecoderSysName INFO networking.cpp-638 in getNetworkConfig(): DHCP address allocation configured, getting asigne 
UTC:1970-01-01 00:00:17: genJMRIDecoder:GJD-NewDecoderSysName INFO networking.cpp-877 in WiFiEvent(): Station disconnected from AP-SSID: BREVIK_2_4_G_LAB, atte 
UTC:1970-01-01 00:00:17: genJMRIDecoder:GJD-NewDecoderSysName INFO systemState.cpp-245 in unSetOpStateByBitmap(): opState has changed for object networking, pr 
UTC:1970-01-01 00:00:17: genJMRIDecoder:GJD-NewDecoderSysName INFO networking.cpp-638 in getNetworkConfig(): DHCP address allocation configured, getting asigne 
UTC:1970-01-01 00:00:17: genJMRIDecoder:GJD-NewDecoderSysName INFO networking.cpp-638 in getNetworkConfig(): DHCP address allocation configured, getting asigne 
UTC:1970-01-01 00:00:17: genJMRIDecoder:GJD-NewDecoderSysName INFO networking.cpp-638 in getNetworkConfig(): DHCP address allocation configured, getting asigne 
UTC:1970-01-01 00:00:17: genJMRIDecoder:GJD-NewDecoderSysName INFO networking.cpp-872 in WiFiEvent(): Station connected to AP-SSID: BREVIK_2_4_G_LAB, channel: 
UTC:1970-01-01 00:00:17: genJMRIDecoder:GJD-NewDecoderSysName WARNING mqtt.cpp-733 in poll(): MQTT Client disconnected, trying to re-connect 
UTC:1970-01-01 00:00:17: genJMRIDecoder:GJD-NewDecoderSysName INFO systemState.cpp-223 in setOpStateByBitmap(): opState has changed for object mqtt, previous o 
UTC:1970-01-01 00:00:17: genJMRIDecoder:GJD-NewDecoderSysName INFO mqtt.cpp-746 in poll(): Re-connecting MQTT Client 
UTC:1970-01-01 00:00:17: genJMRIDecoder:GJD-NewDecoderSysName INFO systemState.cpp-223 in setOpStateByBitmap(): opState has changed for object decoder-0, previ 
UTC:1970-01-01 00:00:17: genJMRIDecoder:GJD-NewDecoderSysName INFO decoder.cpp-498 in onSysStateChange(): decoder-0: decoder has a new OP-state: INIT|DISC|UCON 
UTC:1970-01-01 00:00:17: genJMRIDecoder:GJD-NewDecoderSysName INFO systemState.cpp-245 in unSetOpStateByBitmap(): opState has changed for object networking, pr 
UTC:1970-01-01 00:00:17: genJMRIDecoder:GJD-NewDecoderSysName INFO networking.cpp-638 in getNetworkConfig(): DHCP address allocation configured, getting asigne 
UTC:1970-01-01 00:00:17: genJMRIDecoder:GJD-NewDecoderSysName INFO networking.cpp-638 in getNetworkConfig(): DHCP address allocation configured, getting asigne 
UTC:1970-01-01 00:00:17: genJMRIDecoder:GJD-NewDecoderSysName INFO networking.cpp-638 in getNetworkConfig(): DHCP address allocation configured, getting asigne 
UTC:1970-01-01 00:00:17: genJMRIDecoder:GJD-NewDecoderSysName INFO networking.cpp-638 in getNetworkConfig(): DHCP address allocation configured, getting asigne 
UTC:1970-01-01 00:00:17: genJMRIDecoder:GJD-NewDecoderSysName INFO networking.cpp-638 in getNetworkConfig(): DHCP address allocation configured, getting asigne 
UTC:1970-01-01 00:00:17: genJMRIDecoder:GJD-NewDecoderSysName INFO networking.cpp-890 in WiFiEvent(): Station got IP-address:192.168.2.134, Mask: 255.255.255.0 
UTC:2024-04-21 11:54:27.882275: genJMRIServer:TopDecoder INFO decoderLogic.py-512 in __sysStateRespondListener(): Decoder Decoder-GJD-NewDecoderSysName got a new OP State generated by the server - informing the client accordingly - changed opState: WO - the composite OP-state is now: SUAVL 
UTC:2024-04-21 11:54:27.882275: genJMRIServer:TopDecoder INFO decoderLogic.py-514 in __sysStateRespondListener(): Decoder Decoder-GJD-NewDecoderSysName Informing client decoder about the new enable/disable state 
UTC:1970-01-01 00:00:17: genJMRIDecoder:GJD-NewDecoderSysName ERROR mqtt.cpp-763 in poll(): MQTT connection not established or lost - opState set to OP_FAIL, c 
UTC:1970-01-01 00:00:17: genJMRIDecoder:GJD-NewDecoderSysName INFO mqtt.cpp-722 in poll(): MQTT connection established - unsetting opstate OP_DISCONNECTED 
UTC:1970-01-01 00:00:17: genJMRIDecoder:GJD-NewDecoderSysName INFO systemState.cpp-245 in unSetOpStateByBitmap(): opState has changed for object mqtt, previous 
UTC:1970-01-01 00:00:17: genJMRIDecoder:GJD-NewDecoderSysName INFO systemState.cpp-245 in unSetOpStateByBitmap(): opState has changed for object decoder-0, pre 
UTC:1970-01-01 00:00:17: genJMRIDecoder:GJD-NewDecoderSysName INFO decoder.cpp-498 in onSysStateChange(): decoder-0: decoder has a new OP-state: INIT|UCONF|DAB 
UTC:1970-01-01 00:00:18: genJMRIDecoder:GJD-NewDecoderSysName INFO systemState.cpp-223 in setOpStateByBitmap(): opState has changed for object mqtt, previous o 
UTC:1970-01-01 00:00:18: genJMRIDecoder:GJD-NewDecoderSysName INFO mqtt.cpp-746 in poll(): Re-connecting MQTT Client 
UTC:1970-01-01 00:00:18: genJMRIDecoder:GJD-NewDecoderSysName INFO systemState.cpp-223 in setOpStateByBitmap(): opState has changed for object decoder-0, previ 
UTC:1970-01-01 00:00:18: genJMRIDecoder:GJD-NewDecoderSysName INFO decoder.cpp-498 in onSysStateChange(): decoder-0: decoder has a new OP-state: INIT|DISC|UCON 
UTC:1970-01-01 00:00:18: genJMRIDecoder:GJD-NewDecoderSysName ERROR mqtt.cpp-763 in poll(): MQTT connection not established or lost - opState set to OP_FAIL, c 
UTC:1970-01-01 00:00:18: genJMRIDecoder:GJD-NewDecoderSysName INFO mqtt.cpp-190 in reConnect(): Re-connecting MQTT Client 
UTC:1970-01-01 00:00:18: genJMRIDecoder:GJD-NewDecoderSysName WARNING mqtt.cpp-733 in poll(): MQTT Client disconnected, trying to re-connect 
UTC:1970-01-01 00:00:18: genJMRIDecoder:GJD-NewDecoderSysName INFO mqtt.cpp-746 in poll(): Re-connecting MQTT Client 
UTC:1970-01-01 00:00:18: genJMRIDecoder:GJD-NewDecoderSysName ERROR mqtt.cpp-763 in poll(): MQTT connection not established or lost - opState set to OP_FAIL, c 
UTC:1970-01-01 00:00:18: genJMRIDecoder:GJD-NewDecoderSysName INFO mqtt.cpp-746 in poll(): Re-connecting MQTT Client 
UTC:1970-01-01 00:00:18: genJMRIDecoder:GJD-NewDecoderSysName INFO systemState.cpp-245 in unSetOpStateByBitmap(): opState has changed for object networking, pr 
UTC:1970-01-01 00:00:18: genJMRIDecoder:GJD-NewDecoderSysName INFO networking.cpp-638 in getNetworkConfig(): DHCP address allocation configured, getting asigne 
UTC:1970-01-01 00:00:18: genJMRIDecoder:GJD-NewDecoderSysName INFO networking.cpp-638 in getNetworkConfig(): DHCP address allocation configured, getting asigne 
UTC:1970-01-01 00:00:18: genJMRIDecoder:GJD-NewDecoderSysName INFO networking.cpp-638 in getNetworkConfig(): DHCP address allocation configured, getting asigne 
UTC:1970-01-01 00:00:18: genJMRIDecoder:GJD-NewDecoderSysName INFO networking.cpp-872 in WiFiEvent(): Station connected to AP-SSID: BREVIK_2_4_G_LAB, channel: 
UTC:1970-01-01 00:00:18: genJMRIDecoder:GJD-NewDecoderSysName INFO mqtt.cpp-746 in poll(): Re-connecting MQTT Client 
UTC:1970-01-01 00:00:18: genJMRIDecoder:GJD-NewDecoderSysName INFO systemState.cpp-245 in unSetOpStateByBitmap(): opState has changed for object networking, pr 
UTC:1970-01-01 00:00:18: genJMRIDecoder:GJD-NewDecoderSysName INFO networking.cpp-638 in getNetworkConfig(): DHCP address allocation configured, getting asigne 
UTC:1970-01-01 00:00:18: genJMRIDecoder:GJD-NewDecoderSysName INFO networking.cpp-638 in getNetworkConfig(): DHCP address allocation configured, getting asigne 
UTC:1970-01-01 00:00:18: genJMRIDecoder:GJD-NewDecoderSysName INFO networking.cpp-638 in getNetworkConfig(): DHCP address allocation configured, getting asigne 
UTC:1970-01-01 00:00:18: genJMRIDecoder:GJD-NewDecoderSysName INFO networking.cpp-638 in getNetworkConfig(): DHCP address allocation configured, getting asigne 
UTC:1970-01-01 00:00:18: genJMRIDecoder:GJD-NewDecoderSysName INFO networking.cpp-638 in getNetworkConfig(): DHCP address allocation configured, getting asigne 
UTC:1970-01-01 00:00:19: genJMRIDecoder:GJD-NewDecoderSysName WARNING logHelpers.cpp-408 in enqueueLog(): Logging overloaded, missed 8 log-entries 
UTC:1970-01-01 00:00:19: genJMRIDecoder:GJD-NewDecoderSysName INFO mqtt.cpp-190 in reConnect(): Re-connecting MQTT Client 
UTC:1970-01-01 00:00:19: genJMRIDecoder:GJD-NewDecoderSysName WARNING mqtt.cpp-733 in poll(): MQTT Client disconnected, trying to re-connect 
UTC:1970-01-01 00:00:19: genJMRIDecoder:GJD-NewDecoderSysName INFO systemState.cpp-223 in setOpStateByBitmap(): opState has changed for object mqtt, previous o 
UTC:1970-01-01 00:00:19: genJMRIDecoder:GJD-NewDecoderSysName ERROR mqtt.cpp-763 in poll(): MQTT connection not established or lost - opState set to OP_FAIL, c 
UTC:1970-01-01 00:00:19: genJMRIDecoder:GJD-NewDecoderSysName INFO systemState.cpp-223 in setOpStateByBitmap(): opState has changed for object decoder-0, previ 
UTC:1970-01-01 00:00:19: genJMRIDecoder:GJD-NewDecoderSysName INFO decoder.cpp-498 in onSysStateChange(): decoder-0: decoder has a new OP-state: INIT|DISC|UCON 
UTC:1970-01-01 00:00:19: genJMRIDecoder:GJD-NewDecoderSysName INFO mqtt.cpp-722 in poll(): MQTT connection established - unsetting opstate OP_DISCONNECTED 
UTC:1970-01-01 00:00:19: genJMRIDecoder:GJD-NewDecoderSysName INFO systemState.cpp-245 in unSetOpStateByBitmap(): opState has changed for object mqtt, previous 
UTC:1970-01-01 00:00:19: genJMRIDecoder:GJD-NewDecoderSysName INFO systemState.cpp-245 in unSetOpStateByBitmap(): opState has changed for object decoder-0, pre 
UTC:1970-01-01 00:00:19: genJMRIDecoder:GJD-NewDecoderSysName INFO decoder.cpp-498 in onSysStateChange(): decoder-0: decoder has a new OP-state: INIT|UCONF|DAB 
UTC:1970-01-01 00:00:20: genJMRIDecoder:GJD-NewDecoderSysName INFO mqtt.cpp-211 in reConnect(): MQTT Client reconnected 
UTC:1970-01-01 00:00:21: genJMRIDecoder:GJD-NewDecoderSysName INFO mqtt.cpp-190 in reConnect(): Re-connecting MQTT Client 
UTC:1970-01-01 00:00:21: genJMRIDecoder:GJD-NewDecoderSysName INFO mqtt.cpp-211 in reConnect(): MQTT Client reconnected 
UTC:1970-01-01 00:00:21: genJMRIDecoder:GJD-NewDecoderSysName INFO decoder.cpp-667 in setMqttPrefix(): decoder::setMqttPrefix: setting MQTT Prefix to /trains 
UTC:2024-04-21 11:54:30.964185: genJMRIServer:TopDecoder INFO decoderLogic.py-583 in __onDecoderOpStateChange(): Decoder Decoder-GJD-NewDecoderSysName received a new OP State from client: INIT setting server OP-state accordingly 
UTC:2024-04-21 11:54:30.964185: genJMRIServer:TopDecoder INFO decoderLogic.py-512 in __sysStateRespondListener(): Decoder Decoder-GJD-NewDecoderSysName got a new OP State generated by the server - informing the client accordingly - changed opState: WO - the composite OP-state is now: INIT|SUAVL 
UTC:2024-04-21 11:54:30.965183: genJMRIServer:TopDecoder INFO decoderLogic.py-514 in __sysStateRespondListener(): Decoder Decoder-GJD-NewDecoderSysName Informing client decoder about the new enable/disable state 
UTC:1970-01-01 00:00:21: genJMRIDecoder:GJD-NewDecoderSysName INFO decoder.cpp-286 in onConfig(): Setting up NTP time server 
UTC:1970-01-01 00:00:21: genJMRIDecoder:GJD-NewDecoderSysName INFO networking.cpp-638 in getNetworkConfig(): DHCP address allocation configured, getting asigned 
UTC:1970-01-01 00:00:21: genJMRIDecoder:GJD-NewDecoderSysName INFO systemState.cpp-245 in unSetOpStateByBitmap(): opState has changed for object decoder-0, prev 
UTC:1970-01-01 00:00:21: genJMRIDecoder:GJD-NewDecoderSysName INFO decoder.cpp-498 in onSysStateChange(): decoder-0: decoder has a new OP-state: INIT|UCONF|CBL 
UTC:1970-01-01 00:00:21: genJMRIDecoder:GJD-NewDecoderSysName INFO decoder.cpp-347 in onConfig(): decoder-0: Successfully set the decoder top-configuration as f 
UTC:1970-01-01 00:00:21: genJMRIDecoder:GJD-NewDecoderSysName INFO decoder.cpp-348 in onConfig(): decoder-0: MQTT Server: "192.168.2.129:1883" 
UTC:1970-01-01 00:00:21: genJMRIDecoder:GJD-NewDecoderSysName INFO decoder.cpp-349 in onConfig(): decoder-0: MQTT Prefix: "/trains" 
UTC:1970-01-01 00:00:21: genJMRIDecoder:GJD-NewDecoderSysName INFO decoder.cpp-350 in onConfig(): decoder-0: MQTT Ping-period: 10.000000 
UTC:1970-01-01 00:00:21: genJMRIDecoder:GJD-NewDecoderSysName INFO decoder.cpp-352 in onConfig(): decoder-0: Time-zone: "CET+00" 
UTC:1970-01-01 00:00:21: genJMRIDecoder:GJD-NewDecoderSysName INFO decoder.cpp-353 in onConfig(): decoder-0: Log-level: DEBUG-INFO 
UTC:1970-01-01 00:00:21: genJMRIDecoder:GJD-NewDecoderSysName INFO decoder.cpp-354 in onConfig(): decoder-0: Decoder fail-safe: Yes 
UTC:1970-01-01 00:00:21: genJMRIDecoder:GJD-NewDecoderSysName INFO decoder.cpp-355 in onConfig(): decoder-0: Decoder MAC: E0:E2:E6:4C:13:30 
UTC:1970-01-01 00:00:21: genJMRIDecoder:GJD-NewDecoderSysName INFO decoder.cpp-356 in onConfig(): decoder-0: Decoder URI: no.valid.uri 
UTC:1970-01-01 00:00:21: genJMRIDecoder:GJD-NewDecoderSysName INFO decoder.cpp-357 in onConfig(): decoder-0: Decoder System name: GJD-NewDecoderSysName 
UTC:1970-01-01 00:00:21: genJMRIDecoder:GJD-NewDecoderSysName INFO decoder.cpp-358 in onConfig(): decoder-0: Decoder User name: GJD-NewDecoderUsrName 
UTC:1970-01-01 00:00:21: genJMRIDecoder:GJD-NewDecoderSysName INFO decoder.cpp-359 in onConfig(): decoder-0: Decoder Description: New decoder 
UTC:1970-01-01 00:00:21: genJMRIDecoder:GJD-NewDecoderSysName INFO decoder.cpp-360 in onConfig(): decoder-0: Decoder Admin state: ENABLE 
UTC:1970-01-01 00:00:21: genJMRIDecoder:GJD-NewDecoderSysName INFO decoder.cpp-361 in onConfig(): decoder-0: Successfully parsed and processed the decoder top-c 
UTC:1970-01-01 00:00:21: genJMRIDecoder:GJD-NewDecoderSysName WARNING logHelpers.cpp-408 in enqueueLog(): Logging overloaded, missed 9 log-entries 
UTC:1970-01-01 00:00:21: genJMRIDecoder:GJD-NewDecoderSysName INFO decoder.cpp-164 in init(): decoder-0: Starting CLI service 
UTC:1970-01-01 00:00:21: genJMRIDecoder:GJD-NewDecoderSysName ERROR cliCore.cpp-682 in regCmdHelp(): Registering help text for command: unset MO: global, sub-M 
UTC:1970-01-01 00:00:21: genJMRIDecoder:GJD-NewDecoderSysName INFO cliCore.cpp-193 in start(): Starting Telnet and CLI service 
UTC:1970-01-01 00:00:21: genJMRIDecoder:GJD-NewDecoderSysName INFO telnetCore.cpp-50 in start(): Starting Telnet 
UTC:1970-01-01 00:00:21: genJMRIDecoder:GJD-NewDecoderSysName INFO wdt.cpp-93 in wdt(): Starting watchdog instance for Telnet/CLI 
UTC:1970-01-01 00:00:21: genJMRIDecoder:GJD-NewDecoderSysName INFO wdt.cpp-118 in wdt(): Watchdog instance started for Telnet/CLI 
UTC:1970-01-01 00:00:21: genJMRIDecoder:GJD-NewDecoderSysName INFO wdt.cpp-183 in activate(): Activating watchdog instance for Telnet/CLI 
UTC:1970-01-01 00:00:21: genJMRIDecoder:GJD-NewDecoderSysName INFO telnetCore.cpp-143 in poll(): Telnet polling started 
UTC:1970-01-01 00:00:21: genJMRIDecoder:GJD-NewDecoderSysName INFO telnetCore.cpp-79 in start(): Telnet started 
UTC:1970-01-01 00:00:21: genJMRIDecoder:GJD-NewDecoderSysName INFO decoder.cpp-167 in init(): decoder-0: CLI service started 
UTC:1970-01-01 00:00:21: genJMRIDecoder:GJD-NewDecoderSysName INFO decoder.cpp-168 in init(): decoder-0: Initialized 
UTC:1970-01-01 00:00:21: genJMRIDecoder:GJD-NewDecoderSysName INFO decoder.cpp-436 in start(): decoder-0: Starting decoder 
UTC:1970-01-01 00:00:21: genJMRIDecoder:GJD-NewDecoderSysName INFO decoder.cpp-448 in start(): decoder-0: Subscribing to adm- and op- state topics 
UTC:1970-01-01 00:00:21: genJMRIDecoder:GJD-NewDecoderSysName INFO mqtt.cpp-276 in subscribeTopic(): Subscribing to topic /trains/track/decoder/admState/downst 
UTC:1970-01-01 00:00:21: genJMRIDecoder:GJD-NewDecoderSysName INFO mqtt.cpp-276 in subscribeTopic(): Subscribing to topic /trains/track/decoder/opState/downstr 
UTC:1970-01-01 00:00:21: genJMRIDecoder:GJD-NewDecoderSysName INFO mqtt.cpp-276 in subscribeTopic(): Subscribing to topic /trains/track/decoder/reboot/no.valid 
UTC:1970-01-01 00:00:21: genJMRIDecoder:GJD-NewDecoderSysName INFO decoder.cpp-467 in start(): Starting lightgroup link Decoders 
UTC:1970-01-01 00:00:21: genJMRIDecoder:GJD-NewDecoderSysName INFO lgLink.cpp-288 in start(): decoder-0/lgLink-0: Starting lightgroup link 
UTC:1970-01-01 00:00:21: genJMRIDecoder:GJD-NewDecoderSysName INFO lgLink.cpp-290 in start(): decoder-0/lgLink-0: not configured - will not start it 
UTC:1970-01-01 00:00:21: genJMRIDecoder:GJD-NewDecoderSysName INFO systemState.cpp-245 in unSetOpStateByBitmap(): opState has changed for object decoder-0:lgLi 
UTC:1970-01-01 00:00:21: genJMRIDecoder:GJD-NewDecoderSysName INFO lgLink.cpp-347 in onSysStateChange(): decoder-0/lgLink-0: lgLink has a new OP-state: UCONF|D 
UTC:1970-01-01 00:00:21: genJMRIDecoder:GJD-NewDecoderSysName INFO lgLink.cpp-355 in onSysStateChange(): decoder-0/lgLink-0: lgLink has a new OP-state: UCONF|D 
UTC:1970-01-01 00:00:21: genJMRIDecoder:GJD-NewDecoderSysName INFO lgLink.cpp-378 in onSysStateChange(): decoder-0/lgLink-0: lgLink is unused - informing serve 
UTC:2024-04-21 11:54:33.114933: genJMRIServer:TopDecoder INFO decoderLogic.py-583 in __onDecoderOpStateChange(): Decoder Decoder-GJD-NewDecoderSysName received a new OP State from client: WO setting server OP-state accordingly 
UTC:2024-04-21 11:54:33.114933: genJMRIServer:TopDecoder INFO decoderLogic.py-512 in __sysStateRespondListener(): Decoder Decoder-GJD-NewDecoderSysName got a new OP State generated by the server - informing the client accordingly - changed opState: WO - the composite OP-state is now: INIT|SUAVL 
UTC:2024-04-21 11:54:33.114933: genJMRIServer:TopDecoder INFO decoderLogic.py-514 in __sysStateRespondListener(): Decoder Decoder-GJD-NewDecoderSysName Informing client decoder about the new enable/disable state 
UTC:1970-01-01 00:00:23: genJMRIDecoder:GJD-NewDecoderSysName WARNING logHelpers.cpp-408 in enqueueLog(): Logging overloaded, missed 28 log-entries 
UTC:1970-01-01 00:00:23: genJMRIDecoder:GJD-NewDecoderSysName INFO decoder.cpp-562 in onOpStateChange(): decoder-0: Got a new opState from server: SUAVL 
UTC:1970-01-01 00:00:23: genJMRIDecoder:GJD-NewDecoderSysName INFO systemState.cpp-223 in setOpStateByBitmap(): opState has changed for object decoder-0, previ 
UTC:1970-01-01 00:00:23: genJMRIDecoder:GJD-NewDecoderSysName INFO decoder.cpp-498 in onSysStateChange(): decoder-0: decoder has a new OP-state: SUAVL 
UTC:1970-01-01 00:00:23: genJMRIDecoder:GJD-NewDecoderSysName INFO systemState.cpp-223 in setOpStateByBitmap(): opState has changed for object decoder-0:lgLink 
UTC:1970-01-01 00:00:23: genJMRIDecoder:GJD-NewDecoderSysName INFO decoder.cpp-545 in onSysStateChange(): decoder-0: server failed to receive MQTT Pings from t 
UTC:1970-01-01 00:00:23: genJMRIDecoder:GJD-NewDecoderSysName INFO lgLink.cpp-347 in onSysStateChange(): decoder-0/lgLink-0: lgLink has a new OP-state: UCONF|D 
UTC:1970-01-01 00:00:23: genJMRIDecoder:GJD-NewDecoderSysName INFO lgLink.cpp-355 in onSysStateChange(): decoder-0/lgLink-0: lgLink has a new OP-state: UCONF|D 
UTC:1970-01-01 00:00:23: genJMRIDecoder:GJD-NewDecoderSysName INFO lgLink.cpp-378 in onSysStateChange(): decoder-0/lgLink-0: lgLink is unused - informing serve 
UTC:1970-01-01 00:00:23: genJMRIDecoder:GJD-NewDecoderSysName INFO lgLink.cpp-382 in onSysStateChange(): decoder-0/lgLink-0: lgLink is disabled by server - dis 
UTC:1970-01-01 00:00:23: genJMRIDecoder:GJD-NewDecoderSysName INFO lgLink.cpp-386 in onSysStateChange(): decoder-0/lgLink-0: lgLink is control-blocked by decod 
UTC:1970-01-01 00:00:23: genJMRIDecoder:GJD-NewDecoderSysName INFO lgLink.cpp-390 in onSysStateChange(): decoder-0/lgLink-0: lgLink has following additional fa 
UTC:1970-01-01 00:00:23: genJMRIDecoder:GJD-NewDecoderSysName INFO lgLink.cpp-398 in onSysStateChange(): decoder-0/lgLink-0: lgLink scaning already disabled - 
UTC:1970-01-01 00:00:23: genJMRIDecoder:GJD-NewDecoderSysName INFO decoder.cpp-562 in onOpStateChange(): decoder-0: Got a new opState from server: SUAVL 
UTC:2024-04-21 11:54:37.895497: genJMRIServer:TopDecoder INFO decoderLogic.py-512 in __sysStateRespondListener(): Decoder Decoder-GJD-NewDecoderSysName got a new OP State generated by the server - informing the client accordingly - changed opState: WO - the composite OP-state is now: SUAVL 
UTC:2024-04-21 11:54:37.896713: genJMRIServer:TopDecoder INFO decoderLogic.py-514 in __sysStateRespondListener(): Decoder Decoder-GJD-NewDecoderSysName Informing client decoder about the new enable/disable state 
UTC:1970-01-01 00:00:28: genJMRIDecoder:GJD-NewDecoderSysName INFO decoder.cpp-562 in onOpStateChange(): decoder-0: Got a new opState from server: SUAVL 
UTC:2024-04-21 11:54:41.353663: genJMRIServer:TopDecoder INFO decoderLogic.py-512 in __sysStateRespondListener(): Decoder Decoder-GJD-NewDecoderSysName got a new OP State generated by the server - informing the client accordingly - changed opState: WO - the composite OP-state is now: WO 
UTC:2024-04-21 11:54:41.354663: genJMRIServer:TopDecoder INFO decoderLogic.py-514 in __sysStateRespondListener(): Decoder Decoder-GJD-NewDecoderSysName Informing client decoder about the new enable/disable state 
UTC:1970-01-01 00:00:31: genJMRIDecoder:GJD-NewDecoderSysName INFO decoder.cpp-562 in onOpStateChange(): decoder-0: Got a new opState from server: WO 
UTC:1970-01-01 00:00:31: genJMRIDecoder:GJD-NewDecoderSysName INFO systemState.cpp-245 in unSetOpStateByBitmap(): opState has changed for object decoder-0, pre 
UTC:1970-01-01 00:00:31: genJMRIDecoder:GJD-NewDecoderSysName INFO decoder.cpp-498 in onSysStateChange(): decoder-0: decoder has a new OP-state: WO 
UTC:1970-01-01 00:00:31: genJMRIDecoder:GJD-NewDecoderSysName INFO decoder.cpp-542 in onSysStateChange(): decoder-0: Server is reporting recieved MQTT Pings fr 
UTC:1970-01-01 00:00:31: genJMRIDecoder:GJD-NewDecoderSysName INFO systemState.cpp-245 in unSetOpStateByBitmap(): opState has changed for object decoder-0:lgLi 
UTC:1970-01-01 00:00:31: genJMRIDecoder:GJD-NewDecoderSysName INFO lgLink.cpp-347 in onSysStateChange(): decoder-0/lgLink-0: lgLink has a new OP-state: UCONF|D 
UTC:1970-01-01 00:00:31: genJMRIDecoder:GJD-NewDecoderSysName INFO lgLink.cpp-355 in onSysStateChange(): decoder-0/lgLink-0: lgLink has a new OP-state: UCONF|D 
UTC:1970-01-01 00:00:31: genJMRIDecoder:GJD-NewDecoderSysName INFO lgLink.cpp-378 in onSysStateChange(): decoder-0/lgLink-0: lgLink is unused - informing serve 
UTC:1970-01-01 00:00:31: genJMRIDecoder:GJD-NewDecoderSysName INFO lgLink.cpp-382 in onSysStateChange(): decoder-0/lgLink-0: lgLink is disabled by server - dis 
UTC:1970-01-01 00:00:31: genJMRIDecoder:GJD-NewDecoderSysName INFO lgLink.cpp-390 in onSysStateChange(): decoder-0/lgLink-0: lgLink has following additional fa 
UTC:1970-01-01 00:00:31: genJMRIDecoder:GJD-NewDecoderSysName INFO lgLink.cpp-398 in onSysStateChange(): decoder-0/lgLink-0: lgLink scaning already disabled - 
UTC:1970-01-01 00:00:49: genJMRIDecoder:GJD-NewDecoderSysName INFO telnetCore.cpp-100 in onTelnetConnect(): CLI connected from: 192.168.2.129 
UTC:1970-01-01 00:00:49: genJMRIDecoder:GJD-NewDecoderSysName INFO cliCore.cpp-205 in onCliConnect(): A new CLI seesion from: 192.168.2.129 started 
UTC:1970-01-01 00:00:59: genJMRIDecoder:GJD-NewDecoderSysName INFO cliCore.cpp-228 in onRootIngressCmd(): A new CLI command received: "get uptime" 
UTC:1970-01-01 00:00:59: genJMRIDecoder:GJD-NewDecoderSysName INFO cliCore.cpp-246 in onContextIngressCmd(): Processing cli context command: "get uptime" at co 
UTC:1970-01-01 00:01:04: genJMRIDecoder:GJD-NewDecoderSysName INFO cliCore.cpp-228 in onRootIngressCmd(): A new CLI command received: "show job" 
UTC:1970-01-01 00:01:04: genJMRIDecoder:GJD-NewDecoderSysName INFO cliCore.cpp-246 in onContextIngressCmd(): Processing cli context command: "show job" at cont 
UTC:1970-01-01 00:01:33: genJMRIDecoder:GJD-NewDecoderSysName INFO cliCore.cpp-228 in onRootIngressCmd(): A new CLI command received: "clear job -id 1 -overloa 
UTC:1970-01-01 00:01:33: genJMRIDecoder:GJD-NewDecoderSysName INFO cliCore.cpp-246 in onContextIngressCmd(): Processing cli context command: "clear job -id 1 - 
UTC:1970-01-01 00:01:40: genJMRIDecoder:GJD-NewDecoderSysName INFO cliCore.cpp-228 in onRootIngressCmd(): A new CLI command received: "show job" 
UTC:1970-01-01 00:01:40: genJMRIDecoder:GJD-NewDecoderSysName INFO cliCore.cpp-246 in onContextIngressCmd(): Processing cli context command: "show job" at cont 
UTC:1970-01-01 00:02:19: genJMRIDecoder:GJD-NewDecoderSysName INFO cliCore.cpp-228 in onRootIngressCmd(): A new CLI command received: "set job -id 2 -priority 
UTC:1970-01-01 00:02:19: genJMRIDecoder:GJD-NewDecoderSysName INFO cliCore.cpp-246 in onContextIngressCmd(): Processing cli context command: "set job -id 2 -pr 
UTC:1970-01-01 00:02:28: genJMRIDecoder:GJD-NewDecoderSysName INFO cliCore.cpp-228 in onRootIngressCmd(): A new CLI command received: "set job -debug" 
UTC:1970-01-01 00:02:28: genJMRIDecoder:GJD-NewDecoderSysName INFO cliCore.cpp-246 in onContextIngressCmd(): Processing cli context command: "set job -debug" a 
UTC:1970-01-01 00:02:28: genJMRIDecoder:GJD-NewDecoderSysName INFO job.cpp-258 in setDebug(): Setting job debug mode 
UTC:1970-01-01 00:02:46: genJMRIDecoder:GJD-NewDecoderSysName INFO cliCore.cpp-228 in onRootIngressCmd(): A new CLI command received: "set job -id 2 -priority 
UTC:1970-01-01 00:02:46: genJMRIDecoder:GJD-NewDecoderSysName INFO cliCore.cpp-246 in onContextIngressCmd(): Processing cli context command: "set job -id 2 -pr 
UTC:1970-01-01 00:03:14: genJMRIDecoder:GJD-NewDecoderSysName INFO cliCore.cpp-228 in onRootIngressCmd(): A new CLI command received: "set job -debug" 
UTC:1970-01-01 00:03:14: genJMRIDecoder:GJD-NewDecoderSysName INFO cliCore.cpp-246 in onContextIngressCmd(): Processing cli context command: "set job -debug" a 
UTC:2024-04-21 12:02:48.364383: genJMRIServer:TopDecoder INFO decoderLogic.py-512 in __sysStateRespondListener(): Decoder Decoder-GJD-NewDecoderSysName got a new OP State generated by the server - informing the client accordingly - changed opState: WO - the composite OP-state is now: SUAVL 
UTC:2024-04-21 12:02:48.364383: genJMRIServer:TopDecoder INFO decoderLogic.py-514 in __sysStateRespondListener(): Decoder Decoder-GJD-NewDecoderSysName Informing client decoder about the new enable/disable state 
UTC:2024-04-21 12:02:48.366123: genJMRIServer:TopDecoder INFO decoderLogic.py-512 in __sysStateRespondListener(): Decoder Decoder-GJD-NewDecoderSysName got a new OP State generated by the server - informing the client accordingly - changed opState: SUAVL - the composite OP-state is now: SUAVL 
UTC:2024-04-21 12:02:48.366123: genJMRIServer:TopDecoder INFO decoderLogic.py-514 in __sysStateRespondListener(): Decoder Decoder-GJD-NewDecoderSysName Informing client decoder about the new enable/disable state 
UTC:2024-04-21 12:02:58.371435: genJMRIServer:TopDecoder INFO decoderLogic.py-512 in __sysStateRespondListener(): Decoder Decoder-GJD-NewDecoderSysName got a new OP State generated by the server - informing the client accordingly - changed opState: WO - the composite OP-state is now: SUAVL 
UTC:2024-04-21 12:02:58.371435: genJMRIServer:TopDecoder INFO decoderLogic.py-514 in __sysStateRespondListener(): Decoder Decoder-GJD-NewDecoderSysName Informing client decoder about the new enable/disable state 
UTC:2024-04-21 12:03:06.740060: genJMRIServer:TopDecoder INFO topDecoderLogic.py-847 in __onDiscoveryReq(): Top decoder received a discovery request - responding 
UTC:2024-04-21 12:03:07.155120: genJMRIServer:TopDecoder INFO decoderLogic.py-602 in __onDecoderConfigReq(): Decoder Decoder-GJD-NewDecoderSysName requested new configuration 
UTC:1970-01-01 00:00:15: genJMRIDecoder:GJD-NewDecoderSysName TERSE systemState.cpp-83 in regSysStateCb(): Registering systemState callback 1074682268 for syst 
UTC:1970-01-01 00:00:15: genJMRIDecoder:GJD-NewDecoderSysName VERBOSE systemState.cpp-343 in updateObjOpStates(): Sending call-back to 1074682268 
UTC:1970-01-01 00:00:15: genJMRIDecoder:GJD-NewDecoderSysName INFO lgBase.cpp-262 in onSysStateChange(): decoder-0/lgLink-0/lgBase-0: lg has a new OP-state: IN 
UTC:1970-01-01 00:00:15: genJMRIDecoder:GJD-NewDecoderSysName INFO lgBase.cpp-268 in onSysStateChange(): decoder-0/lgLink-0/lgBase-0: lg has a new OP-state: IN 
UTC:1970-01-01 00:00:15: genJMRIDecoder:GJD-NewDecoderSysName TERSE lgBase.cpp-284 in onSysStateChange(): decoder-0/lgLink-0/lgBase-0: lg is initializing - inf 
UTC:1970-01-01 00:00:15: genJMRIDecoder:GJD-NewDecoderSysName ERROR mqtt.cpp-763 in poll(): MQTT connection not established or lost - opState set to OP_FAIL, c 
UTC:1970-01-01 00:00:15: genJMRIDecoder:GJD-NewDecoderSysName INFO mqtt.cpp-722 in poll(): MQTT connection established - unsetting opstate OP_DISCONNECTED 
UTC:1970-01-01 00:00:15: genJMRIDecoder:GJD-NewDecoderSysName INFO systemState.cpp-245 in unSetOpStateByBitmap(): opState has changed for object mqtt, previous 
UTC:1970-01-01 00:00:15: genJMRIDecoder:GJD-NewDecoderSysName INFO systemState.cpp-245 in unSetOpStateByBitmap(): opState has changed for object decoder-0, pre 
UTC:1970-01-01 00:00:15: genJMRIDecoder:GJD-NewDecoderSysName INFO decoder.cpp-498 in onSysStateChange(): decoder-0: decoder has a new OP-state: INIT|UCONF|DAB 
UTC:1970-01-01 00:00:16: genJMRIDecoder:GJD-NewDecoderSysName INFO networking.cpp-638 in getNetworkConfig(): DHCP address allocation configured, getting asigne 
UTC:1970-01-01 00:00:16: genJMRIDecoder:GJD-NewDecoderSysName INFO networking.cpp-877 in WiFiEvent(): Station disconnected from AP-SSID: BREVIK_2_4_G_LAB, atte 
UTC:2024-04-21 12:03:08.384284: genJMRIServer:TopDecoder INFO decoderLogic.py-512 in __sysStateRespondListener(): Decoder Decoder-GJD-NewDecoderSysName got a new OP State generated by the server - informing the client accordingly - changed opState: WO - the composite OP-state is now: SUAVL 
UTC:1970-01-01 00:00:16: genJMRIDecoder:GJD-NewDecoderSysName INFO mqtt.cpp-190 in reConnect(): Re-connecting MQTT Client 
UTC:2024-04-21 12:03:08.385298: genJMRIServer:TopDecoder INFO decoderLogic.py-514 in __sysStateRespondListener(): Decoder Decoder-GJD-NewDecoderSysName Informing client decoder about the new enable/disable state 
UTC:1970-01-01 00:00:16: genJMRIDecoder:GJD-NewDecoderSysName INFO systemState.cpp-245 in unSetOpStateByBitmap(): opState has changed for object networking, pr 
UTC:1970-01-01 00:00:16: genJMRIDecoder:GJD-NewDecoderSysName INFO networking.cpp-638 in getNetworkConfig(): DHCP address allocation configured, getting asigne 
UTC:1970-01-01 00:00:16: genJMRIDecoder:GJD-NewDecoderSysName WARNING mqtt.cpp-733 in poll(): MQTT Client disconnected, trying to re-connect 
UTC:1970-01-01 00:00:16: genJMRIDecoder:GJD-NewDecoderSysName INFO networking.cpp-638 in getNetworkConfig(): DHCP address allocation configured, getting asigne 
UTC:1970-01-01 00:00:16: genJMRIDecoder:GJD-NewDecoderSysName INFO systemState.cpp-223 in setOpStateByBitmap(): opState has changed for object mqtt, previous o 
UTC:1970-01-01 00:00:16: genJMRIDecoder:GJD-NewDecoderSysName INFO networking.cpp-638 in getNetworkConfig(): DHCP address allocation configured, getting asigne 
UTC:1970-01-01 00:00:16: genJMRIDecoder:GJD-NewDecoderSysName INFO networking.cpp-872 in WiFiEvent(): Station connected to AP-SSID: BREVIK_2_4_G_LAB, channel: 
UTC:1970-01-01 00:00:16: genJMRIDecoder:GJD-NewDecoderSysName ERROR mqtt.cpp-763 in poll(): MQTT connection not established or lost - opState set to OP_FAIL, c 
UTC:1970-01-01 00:00:16: genJMRIDecoder:GJD-NewDecoderSysName INFO systemState.cpp-223 in setOpStateByBitmap(): opState has changed for object decoder-0, previ 
UTC:1970-01-01 00:00:16: genJMRIDecoder:GJD-NewDecoderSysName INFO decoder.cpp-498 in onSysStateChange(): decoder-0: decoder has a new OP-state: INIT|DISC|UCON 
UTC:1970-01-01 00:00:16: genJMRIDecoder:GJD-NewDecoderSysName INFO systemState.cpp-245 in unSetOpStateByBitmap(): opState has changed for object networking, pr 
UTC:1970-01-01 00:00:16: genJMRIDecoder:GJD-NewDecoderSysName INFO networking.cpp-638 in getNetworkConfig(): DHCP address allocation configured, getting asigne 
UTC:1970-01-01 00:00:16: genJMRIDecoder:GJD-NewDecoderSysName INFO networking.cpp-638 in getNetworkConfig(): DHCP address allocation configured, getting asigne 
UTC:1970-01-01 00:00:16: genJMRIDecoder:GJD-NewDecoderSysName INFO networking.cpp-638 in getNetworkConfig(): DHCP address allocation configured, getting asigne 
UTC:1970-01-01 00:00:16: genJMRIDecoder:GJD-NewDecoderSysName INFO networking.cpp-638 in getNetworkConfig(): DHCP address allocation configured, getting asigne 
UTC:1970-01-01 00:00:16: genJMRIDecoder:GJD-NewDecoderSysName INFO networking.cpp-638 in getNetworkConfig(): DHCP address allocation configured, getting asigne 
UTC:1970-01-01 00:00:16: genJMRIDecoder:GJD-NewDecoderSysName INFO networking.cpp-890 in WiFiEvent(): Station got IP-address:192.168.2.134, Mask: 255.255.255.0 
UTC:1970-01-01 00:00:16: genJMRIDecoder:GJD-NewDecoderSysName WARNING mqtt.cpp-733 in poll(): MQTT Client disconnected, trying to re-connect 
UTC:1970-01-01 00:00:16: genJMRIDecoder:GJD-NewDecoderSysName INFO mqtt.cpp-746 in poll(): Re-connecting MQTT Client 
UTC:1970-01-01 00:00:17: genJMRIDecoder:GJD-NewDecoderSysName INFO systemState.cpp-223 in setOpStateByBitmap(): opState has changed for object networking, prev 
UTC:1970-01-01 00:00:17: genJMRIDecoder:GJD-NewDecoderSysName INFO networking.cpp-638 in getNetworkConfig(): DHCP address allocation configured, getting asigne 
UTC:1970-01-01 00:00:17: genJMRIDecoder:GJD-NewDecoderSysName INFO networking.cpp-877 in WiFiEvent(): Station disconnected from AP-SSID: BREVIK_2_4_G_LAB, atte 
UTC:1970-01-01 00:00:17: genJMRIDecoder:GJD-NewDecoderSysName WARNING mqtt.cpp-733 in poll(): MQTT Client disconnected, trying to re-connect 
UTC:1970-01-01 00:00:17: genJMRIDecoder:GJD-NewDecoderSysName INFO systemState.cpp-223 in setOpStateByBitmap(): opState has changed for object mqtt, previous o 
UTC:1970-01-01 00:00:17: genJMRIDecoder:GJD-NewDecoderSysName INFO mqtt.cpp-746 in poll(): Re-connecting MQTT Client 
UTC:1970-01-01 00:00:17: genJMRIDecoder:GJD-NewDecoderSysName INFO systemState.cpp-223 in setOpStateByBitmap(): opState has changed for object decoder-0, previ 
UTC:1970-01-01 00:00:17: genJMRIDecoder:GJD-NewDecoderSysName INFO decoder.cpp-498 in onSysStateChange(): decoder-0: decoder has a new OP-state: INIT|DISC|UCON 
UTC:1970-01-01 00:00:17: genJMRIDecoder:GJD-NewDecoderSysName INFO systemState.cpp-245 in unSetOpStateByBitmap(): opState has changed for object networking, pr 
UTC:1970-01-01 00:00:17: genJMRIDecoder:GJD-NewDecoderSysName INFO networking.cpp-638 in getNetworkConfig(): DHCP address allocation configured, getting asigne 
UTC:1970-01-01 00:00:17: genJMRIDecoder:GJD-NewDecoderSysName INFO networking.cpp-638 in getNetworkConfig(): DHCP address allocation configured, getting asigne 
UTC:1970-01-01 00:00:17: genJMRIDecoder:GJD-NewDecoderSysName INFO networking.cpp-638 in getNetworkConfig(): DHCP address allocation configured, getting asigne 
UTC:1970-01-01 00:00:17: genJMRIDecoder:GJD-NewDecoderSysName INFO networking.cpp-872 in WiFiEvent(): Station connected to AP-SSID: BREVIK_2_4_G_LAB, channel: 
UTC:1970-01-01 00:00:17: genJMRIDecoder:GJD-NewDecoderSysName ERROR mqtt.cpp-763 in poll(): MQTT connection not established or lost - opState set to OP_FAIL, c 
UTC:1970-01-01 00:00:17: genJMRIDecoder:GJD-NewDecoderSysName INFO systemState.cpp-245 in unSetOpStateByBitmap(): opState has changed for object networking, pr 
UTC:1970-01-01 00:00:17: genJMRIDecoder:GJD-NewDecoderSysName INFO networking.cpp-638 in getNetworkConfig(): DHCP address allocation configured, getting asigne 
UTC:1970-01-01 00:00:17: genJMRIDecoder:GJD-NewDecoderSysName INFO networking.cpp-638 in getNetworkConfig(): DHCP address allocation configured, getting asigne 
UTC:1970-01-01 00:00:17: genJMRIDecoder:GJD-NewDecoderSysName INFO networking.cpp-638 in getNetworkConfig(): DHCP address allocation configured, getting asigne 
UTC:1970-01-01 00:00:17: genJMRIDecoder:GJD-NewDecoderSysName INFO networking.cpp-638 in getNetworkConfig(): DHCP address allocation configured, getting asigne 
UTC:1970-01-01 00:00:17: genJMRIDecoder:GJD-NewDecoderSysName INFO networking.cpp-638 in getNetworkConfig(): DHCP address allocation configured, getting asigne 
UTC:1970-01-01 00:00:17: genJMRIDecoder:GJD-NewDecoderSysName INFO networking.cpp-890 in WiFiEvent(): Station got IP-address:192.168.2.134, Mask: 255.255.255.0 
UTC:1970-01-01 00:00:18: genJMRIDecoder:GJD-NewDecoderSysName INFO networking.cpp-877 in WiFiEvent(): Station disconnected from AP-SSID: BREVIK_2_4_G_LAB, atte 
UTC:1970-01-01 00:00:18: genJMRIDecoder:GJD-NewDecoderSysName WARNING mqtt.cpp-733 in poll(): MQTT Client disconnected, trying to re-connect 
UTC:1970-01-01 00:00:18: genJMRIDecoder:GJD-NewDecoderSysName INFO systemState.cpp-223 in setOpStateByBitmap(): opState has changed for object mqtt, previous o 
UTC:1970-01-01 00:00:18: genJMRIDecoder:GJD-NewDecoderSysName INFO mqtt.cpp-746 in poll(): Re-connecting MQTT Client 
UTC:1970-01-01 00:00:18: genJMRIDecoder:GJD-NewDecoderSysName INFO systemState.cpp-223 in setOpStateByBitmap(): opState has changed for object decoder-0, previ 
UTC:1970-01-01 00:00:18: genJMRIDecoder:GJD-NewDecoderSysName INFO decoder.cpp-498 in onSysStateChange(): decoder-0: decoder has a new OP-state: INIT|DISC|UCON 
UTC:1970-01-01 00:00:18: genJMRIDecoder:GJD-NewDecoderSysName INFO systemState.cpp-245 in unSetOpStateByBitmap(): opState has changed for object networking, pr 
UTC:1970-01-01 00:00:18: genJMRIDecoder:GJD-NewDecoderSysName INFO networking.cpp-638 in getNetworkConfig(): DHCP address allocation configured, getting asigne 
UTC:1970-01-01 00:00:18: genJMRIDecoder:GJD-NewDecoderSysName INFO networking.cpp-638 in getNetworkConfig(): DHCP address allocation configured, getting asigne 
UTC:1970-01-01 00:00:18: genJMRIDecoder:GJD-NewDecoderSysName INFO networking.cpp-638 in getNetworkConfig(): DHCP address allocation configured, getting asigne 
UTC:1970-01-01 00:00:18: genJMRIDecoder:GJD-NewDecoderSysName INFO networking.cpp-872 in WiFiEvent(): Station connected to AP-SSID: BREVIK_2_4_G_LAB, channel: 
UTC:1970-01-01 00:00:18: genJMRIDecoder:GJD-NewDecoderSysName INFO mqtt.cpp-190 in reConnect(): Re-connecting MQTT Client 
UTC:1970-01-01 00:00:18: genJMRIDecoder:GJD-NewDecoderSysName ERROR mqtt.cpp-763 in poll(): MQTT connection not established or lost - opState set to OP_FAIL, c 
UTC:1970-01-01 00:00:18: genJMRIDecoder:GJD-NewDecoderSysName WARNING mqtt.cpp-733 in poll(): MQTT Client disconnected, trying to re-connect 
UTC:1970-01-01 00:00:18: genJMRIDecoder:GJD-NewDecoderSysName INFO systemState.cpp-245 in unSetOpStateByBitmap(): opState has changed for object networking, pr 
UTC:1970-01-01 00:00:18: genJMRIDecoder:GJD-NewDecoderSysName INFO networking.cpp-638 in getNetworkConfig(): DHCP address allocation configured, getting asigne 
UTC:1970-01-01 00:00:18: genJMRIDecoder:GJD-NewDecoderSysName INFO networking.cpp-638 in getNetworkConfig(): DHCP address allocation configured, getting asigne 
UTC:1970-01-01 00:00:18: genJMRIDecoder:GJD-NewDecoderSysName INFO networking.cpp-638 in getNetworkConfig(): DHCP address allocation configured, getting asigne 
UTC:1970-01-01 00:00:18: genJMRIDecoder:GJD-NewDecoderSysName INFO networking.cpp-638 in getNetworkConfig(): DHCP address allocation configured, getting asigne 
UTC:1970-01-01 00:00:18: genJMRIDecoder:GJD-NewDecoderSysName INFO networking.cpp-638 in getNetworkConfig(): DHCP address allocation configured, getting asigne 
UTC:1970-01-01 00:00:19: genJMRIDecoder:GJD-NewDecoderSysName WARNING logHelpers.cpp-408 in enqueueLog(): Logging overloaded, missed 12 log-entries 
UTC:1970-01-01 00:00:19: genJMRIDecoder:GJD-NewDecoderSysName INFO mqtt.cpp-190 in reConnect(): Re-connecting MQTT Client 
UTC:1970-01-01 00:00:19: genJMRIDecoder:GJD-NewDecoderSysName INFO mqtt.cpp-211 in reConnect(): MQTT Client reconnected 
UTC:1970-01-01 00:00:20: genJMRIDecoder:GJD-NewDecoderSysName INFO mqtt.cpp-190 in reConnect(): Re-connecting MQTT Client 
UTC:1970-01-01 00:00:20: genJMRIDecoder:GJD-NewDecoderSysName INFO mqtt.cpp-211 in reConnect(): MQTT Client reconnected 
UTC:1970-01-01 00:00:20: genJMRIDecoder:GJD-NewDecoderSysName INFO decoder.cpp-667 in setMqttPrefix(): decoder::setMqttPrefix: setting MQTT Prefix to /trains 
UTC:2024-04-21 12:03:12.785190: genJMRIServer:TopDecoder INFO decoderLogic.py-583 in __onDecoderOpStateChange(): Decoder Decoder-GJD-NewDecoderSysName received a new OP State from client: INIT setting server OP-state accordingly 
UTC:2024-04-21 12:03:12.785190: genJMRIServer:TopDecoder INFO decoderLogic.py-512 in __sysStateRespondListener(): Decoder Decoder-GJD-NewDecoderSysName got a new OP State generated by the server - informing the client accordingly - changed opState: WO - the composite OP-state is now: INIT|SUAVL 
UTC:2024-04-21 12:03:12.786626: genJMRIServer:TopDecoder INFO decoderLogic.py-514 in __sysStateRespondListener(): Decoder Decoder-GJD-NewDecoderSysName Informing client decoder about the new enable/disable state 
UTC:1970-01-01 00:00:20: genJMRIDecoder:GJD-NewDecoderSysName INFO decoder.cpp-286 in onConfig(): Setting up NTP time server 
UTC:1970-01-01 00:00:20: genJMRIDecoder:GJD-NewDecoderSysName WARNING ntpTime.cpp-137 in addNtpServer():  is not a valid URI 
UTC:1970-01-01 00:00:20: genJMRIDecoder:GJD-NewDecoderSysName INFO networking.cpp-638 in getNetworkConfig(): DHCP address allocation configured, getting asigne 
UTC:1970-01-01 00:00:20: genJMRIDecoder:GJD-NewDecoderSysName INFO systemState.cpp-245 in unSetOpStateByBitmap(): opState has changed for object decoder-0, pre 
UTC:1970-01-01 00:00:20: genJMRIDecoder:GJD-NewDecoderSysName INFO decoder.cpp-498 in onSysStateChange(): decoder-0: decoder has a new OP-state: INIT|UCONF|CBL 
UTC:1970-01-01 00:00:20: genJMRIDecoder:GJD-NewDecoderSysName INFO decoder.cpp-347 in onConfig(): decoder-0: Successfully set the decoder top-configuration as 
UTC:1970-01-01 00:00:20: genJMRIDecoder:GJD-NewDecoderSysName INFO decoder.cpp-348 in onConfig(): decoder-0: MQTT Server: "192.168.2.129:1883" 
UTC:1970-01-01 00:00:20: genJMRIDecoder:GJD-NewDecoderSysName INFO decoder.cpp-349 in onConfig(): decoder-0: MQTT Prefix: "/trains" 
UTC:1970-01-01 00:00:20: genJMRIDecoder:GJD-NewDecoderSysName INFO decoder.cpp-350 in onConfig(): decoder-0: MQTT Ping-period: 10.000000 
UTC:1970-01-01 00:00:20: genJMRIDecoder:GJD-NewDecoderSysName INFO decoder.cpp-351 in onConfig(): decoder-0: NTP Server: ":123" 
UTC:1970-01-01 00:00:20: genJMRIDecoder:GJD-NewDecoderSysName INFO decoder.cpp-352 in onConfig(): decoder-0: Time-zone: "CET+00" 
UTC:1970-01-01 00:00:20: genJMRIDecoder:GJD-NewDecoderSysName INFO decoder.cpp-353 in onConfig(): decoder-0: Log-level: DEBUG-INFO 
UTC:1970-01-01 00:00:20: genJMRIDecoder:GJD-NewDecoderSysName INFO decoder.cpp-354 in onConfig(): decoder-0: Decoder fail-safe: Yes 
UTC:1970-01-01 00:00:20: genJMRIDecoder:GJD-NewDecoderSysName INFO decoder.cpp-355 in onConfig(): decoder-0: Decoder MAC: E0:E2:E6:4C:13:30 
UTC:1970-01-01 00:00:20: genJMRIDecoder:GJD-NewDecoderSysName INFO decoder.cpp-356 in onConfig(): decoder-0: Decoder URI: no.valid.uri 
UTC:1970-01-01 00:00:20: genJMRIDecoder:GJD-NewDecoderSysName INFO decoder.cpp-357 in onConfig(): decoder-0: Decoder System name: GJD-NewDecoderSysName 
UTC:1970-01-01 00:00:20: genJMRIDecoder:GJD-NewDecoderSysName INFO decoder.cpp-358 in onConfig(): decoder-0: Decoder User name: GJD-NewDecoderUsrName 
UTC:1970-01-01 00:00:20: genJMRIDecoder:GJD-NewDecoderSysName INFO decoder.cpp-359 in onConfig(): decoder-0: Decoder Description: New decoder 
UTC:1970-01-01 00:00:20: genJMRIDecoder:GJD-NewDecoderSysName INFO decoder.cpp-360 in onConfig(): decoder-0: Decoder Admin state: ENABLE 
UTC:1970-01-01 00:00:20: genJMRIDecoder:GJD-NewDecoderSysName INFO decoder.cpp-361 in onConfig(): decoder-0: Successfully parsed and processed the decoder top- 
UTC:1970-01-01 00:00:21: genJMRIDecoder:GJD-NewDecoderSysName WARNING logHelpers.cpp-408 in enqueueLog(): Logging overloaded, missed 9 log-entries 
UTC:1970-01-01 00:00:21: genJMRIDecoder:GJD-NewDecoderSysName INFO decoder.cpp-164 in init(): decoder-0: Starting CLI service 
UTC:1970-01-01 00:00:21: genJMRIDecoder:GJD-NewDecoderSysName ERROR cliCore.cpp-682 in regCmdHelp(): Registering help text for command: unset MO: global, sub-M 
UTC:1970-01-01 00:00:21: genJMRIDecoder:GJD-NewDecoderSysName INFO cliCore.cpp-193 in start(): Starting Telnet and CLI service 
UTC:2024-04-21 12:03:13.205128: genJMRIServer:TopDecoder INFO decoderLogic.py-583 in __onDecoderOpStateChange(): Decoder Decoder-GJD-NewDecoderSysName received a new OP State from client: WO setting server OP-state accordingly 
UTC:2024-04-21 12:03:13.205128: genJMRIServer:TopDecoder INFO decoderLogic.py-512 in __sysStateRespondListener(): Decoder Decoder-GJD-NewDecoderSysName got a new OP State generated by the server - informing the client accordingly - changed opState: WO - the composite OP-state is now: INIT|SUAVL 
UTC:2024-04-21 12:03:13.205128: genJMRIServer:TopDecoder INFO decoderLogic.py-514 in __sysStateRespondListener(): Decoder Decoder-GJD-NewDecoderSysName Informing client decoder about the new enable/disable state 
UTC:1970-01-01 00:00:21: genJMRIDecoder:GJD-NewDecoderSysName INFO telnetCore.cpp-50 in start(): Starting Telnet 
UTC:1970-01-01 00:00:21: genJMRIDecoder:GJD-NewDecoderSysName INFO wdt.cpp-93 in wdt(): Starting watchdog instance for Telnet/CLI 
UTC:1970-01-01 00:00:21: genJMRIDecoder:GJD-NewDecoderSysName INFO wdt.cpp-118 in wdt(): Watchdog instance started for Telnet/CLI 
UTC:1970-01-01 00:00:21: genJMRIDecoder:GJD-NewDecoderSysName INFO wdt.cpp-183 in activate(): Activating watchdog instance for Telnet/CLI 
UTC:1970-01-01 00:00:21: genJMRIDecoder:GJD-NewDecoderSysName INFO telnetCore.cpp-143 in poll(): Telnet polling started 
UTC:1970-01-01 00:00:21: genJMRIDecoder:GJD-NewDecoderSysName INFO telnetCore.cpp-79 in start(): Telnet started 
UTC:1970-01-01 00:00:21: genJMRIDecoder:GJD-NewDecoderSysName INFO decoder.cpp-167 in init(): decoder-0: CLI service started 
UTC:1970-01-01 00:00:21: genJMRIDecoder:GJD-NewDecoderSysName INFO decoder.cpp-168 in init(): decoder-0: Initialized 
UTC:1970-01-01 00:00:21: genJMRIDecoder:GJD-NewDecoderSysName INFO decoder.cpp-436 in start(): decoder-0: Starting decoder 
UTC:1970-01-01 00:00:21: genJMRIDecoder:GJD-NewDecoderSysName INFO decoder.cpp-448 in start(): decoder-0: Subscribing to adm- and op- state topics 
UTC:1970-01-01 00:00:21: genJMRIDecoder:GJD-NewDecoderSysName INFO mqtt.cpp-276 in subscribeTopic(): Subscribing to topic /trains/track/decoder/admState/downst 
UTC:1970-01-01 00:00:21: genJMRIDecoder:GJD-NewDecoderSysName INFO mqtt.cpp-276 in subscribeTopic(): Subscribing to topic /trains/track/decoder/opState/downstr 
UTC:1970-01-01 00:00:21: genJMRIDecoder:GJD-NewDecoderSysName INFO mqtt.cpp-276 in subscribeTopic(): Subscribing to topic /trains/track/decoder/reboot/no.valid 
UTC:1970-01-01 00:00:21: genJMRIDecoder:GJD-NewDecoderSysName INFO decoder.cpp-467 in start(): Starting lightgroup link Decoders 
UTC:1970-01-01 00:00:21: genJMRIDecoder:GJD-NewDecoderSysName INFO lgLink.cpp-288 in start(): decoder-0/lgLink-0: Starting lightgroup link 
UTC:1970-01-01 00:00:21: genJMRIDecoder:GJD-NewDecoderSysName INFO lgLink.cpp-290 in start(): decoder-0/lgLink-0: not configured - will not start it 
UTC:1970-01-01 00:00:21: genJMRIDecoder:GJD-NewDecoderSysName INFO systemState.cpp-245 in unSetOpStateByBitmap(): opState has changed for object decoder-0:lgLi 
UTC:1970-01-01 00:00:21: genJMRIDecoder:GJD-NewDecoderSysName INFO lgLink.cpp-347 in onSysStateChange(): decoder-0/lgLink-0: lgLink has a new OP-state: UCONF|D 
UTC:1970-01-01 00:00:21: genJMRIDecoder:GJD-NewDecoderSysName INFO lgLink.cpp-355 in onSysStateChange(): decoder-0/lgLink-0: lgLink has a new OP-state: UCONF|D 
UTC:1970-01-01 00:00:21: genJMRIDecoder:GJD-NewDecoderSysName WARNING logHelpers.cpp-408 in enqueueLog(): Logging overloaded, missed 29 log-entries 
UTC:1970-01-01 00:00:21: genJMRIDecoder:GJD-NewDecoderSysName INFO decoder.cpp-562 in onOpStateChange(): decoder-0: Got a new opState from server: SUAVL 
UTC:1970-01-01 00:00:21: genJMRIDecoder:GJD-NewDecoderSysName INFO systemState.cpp-223 in setOpStateByBitmap(): opState has changed for object decoder-0, previ 
UTC:1970-01-01 00:00:21: genJMRIDecoder:GJD-NewDecoderSysName INFO decoder.cpp-498 in onSysStateChange(): decoder-0: decoder has a new OP-state: SUAVL 
UTC:1970-01-01 00:00:21: genJMRIDecoder:GJD-NewDecoderSysName INFO systemState.cpp-223 in setOpStateByBitmap(): opState has changed for object decoder-0:lgLink 
UTC:1970-01-01 00:00:21: genJMRIDecoder:GJD-NewDecoderSysName INFO decoder.cpp-545 in onSysStateChange(): decoder-0: server failed to receive MQTT Pings from t 
UTC:1970-01-01 00:00:21: genJMRIDecoder:GJD-NewDecoderSysName INFO lgLink.cpp-347 in onSysStateChange(): decoder-0/lgLink-0: lgLink has a new OP-state: UCONF|D 
UTC:1970-01-01 00:00:21: genJMRIDecoder:GJD-NewDecoderSysName INFO lgLink.cpp-355 in onSysStateChange(): decoder-0/lgLink-0: lgLink has a new OP-state: UCONF|D 
UTC:1970-01-01 00:00:21: genJMRIDecoder:GJD-NewDecoderSysName INFO lgLink.cpp-378 in onSysStateChange(): decoder-0/lgLink-0: lgLink is unused - informing serve 
UTC:1970-01-01 00:00:21: genJMRIDecoder:GJD-NewDecoderSysName INFO lgLink.cpp-382 in onSysStateChange(): decoder-0/lgLink-0: lgLink is disabled by server - dis 
UTC:1970-01-01 00:00:21: genJMRIDecoder:GJD-NewDecoderSysName INFO lgLink.cpp-386 in onSysStateChange(): decoder-0/lgLink-0: lgLink is control-blocked by decod 
UTC:1970-01-01 00:00:21: genJMRIDecoder:GJD-NewDecoderSysName INFO lgLink.cpp-390 in onSysStateChange(): decoder-0/lgLink-0: lgLink has following additional fa 
UTC:1970-01-01 00:00:21: genJMRIDecoder:GJD-NewDecoderSysName INFO lgLink.cpp-398 in onSysStateChange(): decoder-0/lgLink-0: lgLink scaning already disabled - 
UTC:1970-01-01 00:00:21: genJMRIDecoder:GJD-NewDecoderSysName INFO decoder.cpp-562 in onOpStateChange(): decoder-0: Got a new opState from server: SUAVL 
UTC:2024-04-21 12:03:18.396817: genJMRIServer:TopDecoder INFO decoderLogic.py-512 in __sysStateRespondListener(): Decoder Decoder-GJD-NewDecoderSysName got a new OP State generated by the server - informing the client accordingly - changed opState: WO - the composite OP-state is now: SUAVL 
UTC:2024-04-21 12:03:18.397819: genJMRIServer:TopDecoder INFO decoderLogic.py-514 in __sysStateRespondListener(): Decoder Decoder-GJD-NewDecoderSysName Informing client decoder about the new enable/disable state 
UTC:1970-01-01 00:00:26: genJMRIDecoder:GJD-NewDecoderSysName INFO decoder.cpp-562 in onOpStateChange(): decoder-0: Got a new opState from server: SUAVL 
UTC:2024-04-21 12:03:23.213541: genJMRIServer:TopDecoder INFO decoderLogic.py-512 in __sysStateRespondListener(): Decoder Decoder-GJD-NewDecoderSysName got a new OP State generated by the server - informing the client accordingly - changed opState: WO - the composite OP-state is now: WO 
UTC:2024-04-21 12:03:23.213541: genJMRIServer:TopDecoder INFO decoderLogic.py-514 in __sysStateRespondListener(): Decoder Decoder-GJD-NewDecoderSysName Informing client decoder about the new enable/disable state 
UTC:1970-01-01 00:00:31: genJMRIDecoder:GJD-NewDecoderSysName INFO decoder.cpp-562 in onOpStateChange(): decoder-0: Got a new opState from server: WO 
UTC:1970-01-01 00:00:31: genJMRIDecoder:GJD-NewDecoderSysName INFO systemState.cpp-245 in unSetOpStateByBitmap(): opState has changed for object decoder-0, pre 
UTC:1970-01-01 00:00:31: genJMRIDecoder:GJD-NewDecoderSysName INFO decoder.cpp-498 in onSysStateChange(): decoder-0: decoder has a new OP-state: WO 
UTC:1970-01-01 00:00:31: genJMRIDecoder:GJD-NewDecoderSysName INFO decoder.cpp-542 in onSysStateChange(): decoder-0: Server is reporting recieved MQTT Pings fr 
UTC:1970-01-01 00:00:31: genJMRIDecoder:GJD-NewDecoderSysName INFO systemState.cpp-245 in unSetOpStateByBitmap(): opState has changed for object decoder-0:lgLi 
UTC:1970-01-01 00:00:31: genJMRIDecoder:GJD-NewDecoderSysName INFO lgLink.cpp-347 in onSysStateChange(): decoder-0/lgLink-0: lgLink has a new OP-state: UCONF|D 
UTC:1970-01-01 00:00:31: genJMRIDecoder:GJD-NewDecoderSysName INFO lgLink.cpp-355 in onSysStateChange(): decoder-0/lgLink-0: lgLink has a new OP-state: UCONF|D 
UTC:1970-01-01 00:00:31: genJMRIDecoder:GJD-NewDecoderSysName INFO lgLink.cpp-378 in onSysStateChange(): decoder-0/lgLink-0: lgLink is unused - informing serve 
UTC:1970-01-01 00:00:31: genJMRIDecoder:GJD-NewDecoderSysName INFO lgLink.cpp-382 in onSysStateChange(): decoder-0/lgLink-0: lgLink is disabled by server - dis 
UTC:1970-01-01 00:00:31: genJMRIDecoder:GJD-NewDecoderSysName INFO lgLink.cpp-390 in onSysStateChange(): decoder-0/lgLink-0: lgLink has following additional fa 
UTC:1970-01-01 00:00:31: genJMRIDecoder:GJD-NewDecoderSysName INFO lgLink.cpp-398 in onSysStateChange(): decoder-0/lgLink-0: lgLink scaning already disabled - 
UTC:1970-01-01 00:00:52: genJMRIDecoder:GJD-NewDecoderSysName INFO telnetCore.cpp-100 in onTelnetConnect(): CLI connected from: 192.168.2.129 
UTC:1970-01-01 00:00:52: genJMRIDecoder:GJD-NewDecoderSysName INFO cliCore.cpp-205 in onCliConnect(): A new CLI seesion from: 192.168.2.129 started 
UTC:1970-01-01 00:01:05: genJMRIDecoder:GJD-NewDecoderSysName INFO cliCore.cpp-228 in onRootIngressCmd(): A new CLI command received: "set job -debug" 
UTC:1970-01-01 00:01:05: genJMRIDecoder:GJD-NewDecoderSysName INFO cliCore.cpp-246 in onContextIngressCmd(): Processing cli context command: "set job -debug" a 
UTC:1970-01-01 00:01:05: genJMRIDecoder:GJD-NewDecoderSysName INFO job.cpp-259 in setDebug(): Setting job debug mode 
UTC:1970-01-01 00:01:11: genJMRIDecoder:GJD-NewDecoderSysName INFO cliCore.cpp-228 in onRootIngressCmd(): A new CLI command received: "show job" 
UTC:1970-01-01 00:01:11: genJMRIDecoder:GJD-NewDecoderSysName INFO cliCore.cpp-246 in onContextIngressCmd(): Processing cli context command: "show job" at conte 
UTC:1970-01-01 00:01:21: genJMRIDecoder:GJD-NewDecoderSysName INFO cliCore.cpp-228 in onRootIngressCmd(): A new CLI command received: "show job" 
UTC:1970-01-01 00:01:21: genJMRIDecoder:GJD-NewDecoderSysName INFO cliCore.cpp-246 in onContextIngressCmd(): Processing cli context command: "show job" at cont 
UTC:1970-01-01 00:01:39: genJMRIDecoder:GJD-NewDecoderSysName INFO cliCore.cpp-228 in onRootIngressCmd(): A new CLI command received: "clear job -overloadcnt" 
UTC:1970-01-01 00:01:39: genJMRIDecoder:GJD-NewDecoderSysName INFO cliCore.cpp-246 in onContextIngressCmd(): Processing cli context command: "clear job -overlo 
UTC:1970-01-01 00:01:44: genJMRIDecoder:GJD-NewDecoderSysName INFO cliCore.cpp-228 in onRootIngressCmd(): A new CLI command received: "show job" 
UTC:1970-01-01 00:01:44: genJMRIDecoder:GJD-NewDecoderSysName INFO cliCore.cpp-246 in onContextIngressCmd(): Processing cli context command: "show job" at cont 
UTC:1970-01-01 00:02:18: genJMRIDecoder:GJD-NewDecoderSysName INFO cliCore.cpp-228 in onRootIngressCmd(): A new CLI command received: "set job -id 2 -priority 
UTC:1970-01-01 00:02:18: genJMRIDecoder:GJD-NewDecoderSysName INFO cliCore.cpp-246 in onContextIngressCmd(): Processing cli context command: "set job -id 2 -pr 
UTC:1970-01-01 00:02:24: genJMRIDecoder:GJD-NewDecoderSysName INFO cliCore.cpp-228 in onRootIngressCmd(): A new CLI command received: "show job" 
UTC:1970-01-01 00:02:24: genJMRIDecoder:GJD-NewDecoderSysName INFO cliCore.cpp-246 in onContextIngressCmd(): Processing cli context command: "show job" at cont 
UTC:1970-01-01 00:02:57: genJMRIDecoder:GJD-NewDecoderSysName INFO cliCore.cpp-228 in onRootIngressCmd(): A new CLI command received: "set job -id 2 -priority 
UTC:1970-01-01 00:02:57: genJMRIDecoder:GJD-NewDecoderSysName INFO cliCore.cpp-246 in onContextIngressCmd(): Processing cli context command: "set job -id 2 -pr 
UTC:1970-01-01 00:03:28: genJMRIDecoder:GJD-NewDecoderSysName INFO cliCore.cpp-228 in onRootIngressCmd(): A new CLI command received: "show job" 
UTC:1970-01-01 00:03:28: genJMRIDecoder:GJD-NewDecoderSysName INFO cliCore.cpp-246 in onContextIngressCmd(): Processing cli context command: "show job" at cont 
